[2019-12-17 16:55:20] [INFO] getNoticeboards :: Noticeboards
[2019-12-17 16:55:20] [INFO] getresults :: results
[2019-12-17 16:55:20] [INFO] getSyllabuss :: Syllabuss
[2019-12-17 16:55:20] [INFO] getExaminations :: Examinations
[2019-12-17 16:55:20] [INFO] getStates :: States
[2019-12-17 16:55:20] [INFO] getExaminations :: Examinations
[2019-12-17 16:55:20] [INFO] getSyllabuss :: Syllabuss
[2019-12-17 16:55:20] [INFO] getresults :: results
[2019-12-17 16:55:20] [INFO] getresults :: results
[2019-12-17 16:55:20] [INFO] getSyllabuss :: Syllabuss
[2019-12-17 16:55:20] [INFO] getresults :: results
[2019-12-17 16:55:20] [INFO] getSyllabuss :: Syllabuss
[2019-12-17 16:55:20] [INFO] getresults :: results
[2019-12-17 16:55:20] [INFO] getSyllabuss :: Syllabuss
[2019-12-17 16:55:20] [INFO] getExaminations :: Examinations
[2019-12-17 16:55:20] [INFO] getSyllabuss :: Syllabuss
[2019-12-17 16:55:20] [INFO] getExaminations :: Examinations
[2019-12-17 16:55:20] [INFO] getStates :: States
[2019-12-17 16:55:20] [INFO] getExaminations :: Examinations
[2019-12-17 16:55:20] [INFO] getSyllabuss :: Syllabuss
[2019-12-17 16:55:20] [INFO] getresults :: results
[2019-12-17 16:55:20] [INFO] getNoticeboards :: Noticeboards
