[2019-11-14 8:20:50] [INFO] getresults :: results
[2019-11-14 8:20:50] [INFO] getSyllabuss :: Syllabuss
[2019-11-14 8:20:50] [INFO] getresults :: results
[2019-11-14 8:20:50] [INFO] getExaminations :: Examinations
[2019-11-14 8:20:50] [INFO] getSyllabuss :: Syllabuss
[2019-11-14 8:20:50] [INFO] getresults :: results
[2019-11-14 8:20:50] [INFO] getNoticeboards :: Noticeboards
[2019-11-14 8:20:50] [INFO] getresults :: results
[2019-11-14 8:20:50] [INFO] getSyllabuss :: Syllabuss
[2019-11-14 8:20:50] [INFO] getExaminations :: Examinations
[2019-11-14 8:20:50] [INFO] getStates :: States
[2019-11-14 8:20:50] [INFO] getNoticeboards :: Noticeboards
[2019-11-14 8:20:50] [INFO] getresults :: results
[2019-11-14 8:20:50] [INFO] getSyllabuss :: Syllabuss
[2019-11-14 8:20:50] [INFO] getExaminations :: Examinations
[2019-11-14 8:20:50] [INFO] getStates :: States
[2019-11-14 8:20:50] [INFO] getExaminations :: Examinations
[2019-11-14 8:20:50] [INFO] getSyllabuss :: Syllabuss
[2019-11-14 8:20:50] [INFO] getresults :: results
[2019-11-14 8:20:50] [INFO] getNoticeboards :: Noticeboards
[2019-11-14 8:20:50] [INFO] getNoticeboards :: Noticeboards
[2019-11-14 8:20:50] [INFO] getresults :: results
[2019-11-14 8:20:50] [INFO] getSyllabuss :: Syllabuss
[2019-11-14 8:20:50] [INFO] getExaminations :: Examinations
[2019-11-14 8:20:50] [INFO] getStates :: States
[2019-11-14 8:20:50] [INFO] getExaminations :: Examinations
[2019-11-14 8:20:50] [INFO] getSyllabuss :: Syllabuss
[2019-11-14 8:20:50] [INFO] getresults :: results
[2019-11-14 8:20:50] [INFO] getNoticeboards :: Noticeboards
[2019-11-14 8:20:50] [INFO] getNoticeboards :: Noticeboards
[2019-11-14 8:20:50] [INFO] getNoticeboards :: Noticeboards
[2019-11-14 8:20:50] [INFO] getresults :: results
[2019-11-14 8:20:50] [INFO] getSyllabuss :: Syllabuss
[2019-11-14 8:20:50] [INFO] getExaminations :: Examinations
[2019-11-14 8:20:50] [INFO] getStates :: States
[2019-11-14 8:20:50] [INFO] getExaminations :: Examinations
[2019-11-14 8:20:50] [INFO] getStates :: States
[2019-11-14 8:20:50] [INFO] getExaminations :: Examinations
[2019-11-14 8:20:50] [INFO] getSyllabuss :: Syllabuss
[2019-11-14 8:20:50] [INFO] getresults :: results
[2019-11-14 8:20:50] [INFO] getresults :: results
[2019-11-14 8:20:50] [INFO] getresults :: results
[2019-11-14 8:20:50] [INFO] getNoticeboards :: Noticeboards
[2019-11-14 8:20:50] [INFO] getNoticeboards :: Noticeboards
