[2019-12-12 10:56:49] [INFO] getNoticeboards :: Noticeboards
[2019-12-12 10:56:49] [INFO] getNoticeboards :: Noticeboards
[2019-12-12 10:56:49] [INFO] getNoticeboards :: Noticeboards
[2019-12-12 10:56:49] [INFO] getNoticeboards :: Noticeboards
[2019-12-12 10:56:49] [INFO] getresults :: results
[2019-12-12 10:56:49] [INFO] getSyllabuss :: Syllabuss
[2019-12-12 10:56:49] [INFO] getExaminations :: Examinations
[2019-12-12 10:56:49] [INFO] getStates :: States
[2019-12-12 10:56:49] [INFO] getExaminations :: Examinations
[2019-12-12 10:56:49] [INFO] getSyllabuss :: Syllabuss
[2019-12-12 10:56:49] [INFO] getresults :: results
[2019-12-12 10:56:49] [INFO] getresults :: results
[2019-12-12 10:56:49] [INFO] getNoticeboards :: Noticeboards
[2019-12-12 11:25:8] [INFO] getNoticeboards :: Noticeboards
[2019-12-12 11:25:8] [INFO] getExaminations :: Examinations
[2019-12-12 11:25:8] [INFO] getNoticeboards :: Noticeboards
[2019-12-12 11:25:8] [INFO] getExaminations :: Examinations
[2019-12-12 11:25:8] [INFO] getNoticeboards :: Noticeboards
[2019-12-12 11:25:8] [INFO] getExaminations :: Examinations
[2019-12-12 11:25:8] [INFO] getNoticeboards :: Noticeboards
[2019-12-12 11:25:8] [INFO] getNoticeboards :: Noticeboards
[2019-12-12 11:25:8] [INFO] getNoticeboards :: Noticeboards
[2019-12-12 11:25:8] [INFO] getExaminations :: Examinations
[2019-12-12 11:25:8] [INFO] getNoticeboards :: Noticeboards
[2019-12-12 11:25:8] [INFO] getNoticeboards :: Noticeboards
[2019-12-12 11:25:8] [INFO] getNoticeboards :: Noticeboards
[2019-12-12 11:25:8] [INFO] getExaminations :: Examinations
[2019-12-12 11:25:8] [INFO] getNoticeboards :: Noticeboards
[2019-12-12 11:25:8] [INFO] getNoticeboards :: Noticeboards
[2019-12-12 11:25:8] [INFO] getExaminations :: Examinations
[2019-12-12 11:25:8] [INFO] getNoticeboards :: Noticeboards
[2019-12-12 11:25:8] [INFO] getExaminations :: Examinations
[2019-12-12 11:25:8] [INFO] getExaminations :: Examinations
[2019-12-12 11:25:8] [INFO] getNoticeboards :: Noticeboards
[2019-12-12 11:25:8] [INFO] getNoticeboards :: Noticeboards
[2019-12-12 11:25:8] [INFO] getExaminations :: Examinations
[2019-12-12 11:25:8] [INFO] getExaminations :: Examinations
[2019-12-12 11:25:8] [INFO] getNoticeboards :: Noticeboards
[2019-12-12 11:25:8] [INFO] getNoticeboards :: Noticeboards
[2019-12-12 11:25:8] [INFO] getNoticeboards :: Noticeboards
[2019-12-12 11:25:8] [INFO] getExaminations :: Examinations
[2019-12-12 11:25:8] [INFO] getNoticeboards :: Noticeboards
